2019-12-01 21:24:15 [127.0.0.1][-][arg0013rg568galh6pjkqiae1i][error][yii\base\ViewNotFoundException] yii\base\ViewNotFoundException: The view file does not exist: C:\xampp\htdocs\main-demo-master\backend\views\layouts\loginlayout.php in C:\xampp\htdocs\main-demo-master\vendor\yiisoft\yii2\base\View.php:233
Stack trace:
#0 C:\xampp\htdocs\main-demo-master\vendor\yiisoft\yii2\base\Controller.php(401): yii\base\View->renderFile('C:\\xampp\\htdocs...', Array, Object(backend\controllers\SiteController))
#1 C:\xampp\htdocs\main-demo-master\vendor\yiisoft\yii2\base\Controller.php(387): yii\base\Controller->renderContent('<div class="sit...')
#2 C:\xampp\htdocs\main-demo-master\backend\controllers\SiteController.php(86): yii\base\Controller->render('login', Array)
#3 [internal function]: backend\controllers\SiteController->actionLogin()
#4 C:\xampp\htdocs\main-demo-master\vendor\yiisoft\yii2\base\InlineAction.php(57): call_user_func_array(Array, Array)
#5 C:\xampp\htdocs\main-demo-master\vendor\yiisoft\yii2\base\Controller.php(157): yii\base\InlineAction->runWithParams(Array)
#6 C:\xampp\htdocs\main-demo-master\vendor\yiisoft\yii2\base\Module.php(528): yii\base\Controller->runAction('login', Array)
#7 C:\xampp\htdocs\main-demo-master\vendor\yiisoft\yii2\web\Application.php(103): yii\base\Module->runAction('site/login', Array)
#8 C:\xampp\htdocs\main-demo-master\vendor\yiisoft\yii2\base\Application.php(386): yii\web\Application->handleRequest(Object(yii\web\Request))
#9 C:\xampp\htdocs\main-demo-master\backend\web\index.php(17): yii\base\Application->run()
#10 {main}
2019-12-01 21:24:15 [127.0.0.1][-][arg0013rg568galh6pjkqiae1i][info][application] $_GET = [
    'r' => 'site/login'
]

$_POST = []

$_FILES = []

$_COOKIE = [
    'PHPBACKSESSID' => 'ikreu1cml1ugmjfnq8gjr8psem'
    '_backendCSRF' => 'aeef9dcc82a5c5f524930f70dd65bf1a92ed547bea4e4a5b9d57d78806736043a:2:{i:0;s:12:\"_backendCSRF\";i:1;s:32:\"wimFQb2kFA1nsCeO6R_imG5M70SfHXew\";}'
    'PHPFRONTSESSID' => 'ec002psfsti2k901c9mjuvbj6l'
    '_frontendCSRF' => 'b58bfdef411e403813a72a16ee9bc946e646c8952aa6e13532dcd841b8ecdfb4a:2:{i:0;s:13:\"_frontendCSRF\";i:1;s:32:\"-Mio7qCIcLhSG1JFN0FY4Q7Rkaah-wIn\";}'
    'advanced-backend' => 'arg0013rg568galh6pjkqiae1i'
    '_csrf-backend' => '2e5fcf1fae9e272f278bec733ea6f53feb72831498a4b586956ea26d055288eda:2:{i:0;s:13:\"_csrf-backend\";i:1;s:32:\"HDQ7xTrDvhs1Svj6anEpITXpQ8CisDpC\";}'
    'advanced-frontend' => 'j7d3ei1a5qvqv05akjbteae8kc'
    '_csrf-frontend' => '6068b00cdf0fef9e6569b1ab992d817947e8b548bae601cc80d13a12a9f5e5c8a:2:{i:0;s:14:\"_csrf-frontend\";i:1;s:32:\"r6zDHipOAI97LO09Ojp9FvYF8UU7PYHe\";}'
]

$_SESSION = [
    '__flash' => []
    '__returnUrl' => 'http://localhost/main-demo-master/backend/web/index.php'
]

$_SERVER = [
    'MIBDIRS' => 'C:/xampp/php/extras/mibs'
    'MYSQL_HOME' => '\\xampp\\mysql\\bin'
    'OPENSSL_CONF' => 'C:/xampp/apache/bin/openssl.cnf'
    'PHP_PEAR_SYSCONF_DIR' => '\\xampp\\php'
    'PHPRC' => '\\xampp\\php'
    'TMP' => '\\xampp\\tmp'
    'HTTP_HOST' => 'localhost'
    'HTTP_USER_AGENT' => 'Mozilla/5.0 (Windows NT 10.0; Win64; x64; rv:70.0) Gecko/20100101 Firefox/70.0'
    'HTTP_ACCEPT' => 'text/html,application/xhtml+xml,application/xml;q=0.9,*/*;q=0.8'
    'HTTP_ACCEPT_LANGUAGE' => 'en-US,en;q=0.5'
    'HTTP_ACCEPT_ENCODING' => 'gzip, deflate'
    'HTTP_REFERER' => 'http://localhost/main-demo-master/backend/web/index.php'
    'HTTP_DNT' => '1'
    'HTTP_CONNECTION' => 'keep-alive'
    'HTTP_COOKIE' => 'PHPBACKSESSID=ikreu1cml1ugmjfnq8gjr8psem; _backendCSRF=aeef9dcc82a5c5f524930f70dd65bf1a92ed547bea4e4a5b9d57d78806736043a%3A2%3A%7Bi%3A0%3Bs%3A12%3A%22_backendCSRF%22%3Bi%3A1%3Bs%3A32%3A%22wimFQb2kFA1nsCeO6R_imG5M70SfHXew%22%3B%7D; PHPFRONTSESSID=ec002psfsti2k901c9mjuvbj6l; _frontendCSRF=b58bfdef411e403813a72a16ee9bc946e646c8952aa6e13532dcd841b8ecdfb4a%3A2%3A%7Bi%3A0%3Bs%3A13%3A%22_frontendCSRF%22%3Bi%3A1%3Bs%3A32%3A%22-Mio7qCIcLhSG1JFN0FY4Q7Rkaah-wIn%22%3B%7D; advanced-backend=arg0013rg568galh6pjkqiae1i; _csrf-backend=2e5fcf1fae9e272f278bec733ea6f53feb72831498a4b586956ea26d055288eda%3A2%3A%7Bi%3A0%3Bs%3A13%3A%22_csrf-backend%22%3Bi%3A1%3Bs%3A32%3A%22HDQ7xTrDvhs1Svj6anEpITXpQ8CisDpC%22%3B%7D; advanced-frontend=j7d3ei1a5qvqv05akjbteae8kc; _csrf-frontend=6068b00cdf0fef9e6569b1ab992d817947e8b548bae601cc80d13a12a9f5e5c8a%3A2%3A%7Bi%3A0%3Bs%3A14%3A%22_csrf-frontend%22%3Bi%3A1%3Bs%3A32%3A%22r6zDHipOAI97LO09Ojp9FvYF8UU7PYHe%22%3B%7D'
    'HTTP_UPGRADE_INSECURE_REQUESTS' => '1'
    'PATH' => 'C:\\Windows\\system32;C:\\Windows;C:\\Windows\\System32\\Wbem;C:\\Windows\\System32\\WindowsPowerShell\\v1.0\\;C:\\Windows\\System32\\OpenSSH\\;C:\\Program Files\\Git\\cmd;C:\\xampp\\php;C:\\composer;C:\\Users\\SHOHAN\\AppData\\Local\\Microsoft\\WindowsApps;;C:\\Program Files\\JetBrains\\PhpStorm 2019.2.5\\bin;;C:\\Users\\SHOHAN\\AppData\\Roaming\\Composer\\vendor\\bin'
    'SystemRoot' => 'C:\\Windows'
    'COMSPEC' => 'C:\\Windows\\system32\\cmd.exe'
    'PATHEXT' => '.COM;.EXE;.BAT;.CMD;.VBS;.VBE;.JS;.JSE;.WSF;.WSH;.MSC'
    'WINDIR' => 'C:\\Windows'
    'SERVER_SIGNATURE' => '<address>Apache/2.4.41 (Win64) OpenSSL/1.1.1c PHP/7.3.11 Server at localhost Port 80</address>
'
    'SERVER_SOFTWARE' => 'Apache/2.4.41 (Win64) OpenSSL/1.1.1c PHP/7.3.11'
    'SERVER_NAME' => 'localhost'
    'SERVER_ADDR' => '127.0.0.1'
    'SERVER_PORT' => '80'
    'REMOTE_ADDR' => '127.0.0.1'
    'DOCUMENT_ROOT' => 'C:/xampp/htdocs'
    'REQUEST_SCHEME' => 'http'
    'CONTEXT_PREFIX' => ''
    'CONTEXT_DOCUMENT_ROOT' => 'C:/xampp/htdocs'
    'SERVER_ADMIN' => 'postmaster@localhost'
    'SCRIPT_FILENAME' => 'C:/xampp/htdocs/main-demo-master/backend/web/index.php'
    'REMOTE_PORT' => '3381'
    'GATEWAY_INTERFACE' => 'CGI/1.1'
    'SERVER_PROTOCOL' => 'HTTP/1.1'
    'REQUEST_METHOD' => 'GET'
    'QUERY_STRING' => 'r=site%2Flogin'
    'REQUEST_URI' => '/main-demo-master/backend/web/index.php?r=site%2Flogin'
    'SCRIPT_NAME' => '/main-demo-master/backend/web/index.php'
    'PHP_SELF' => '/main-demo-master/backend/web/index.php'
    'REQUEST_TIME_FLOAT' => 1575231855.422
    'REQUEST_TIME' => 1575231855
]
2019-12-01 21:24:39 [127.0.0.1][-][arg0013rg568galh6pjkqiae1i][error][yii\base\ViewNotFoundException] yii\base\ViewNotFoundException: The view file does not exist: C:\xampp\htdocs\main-demo-master\backend\views\layouts\loginlayout.php in C:\xampp\htdocs\main-demo-master\vendor\yiisoft\yii2\base\View.php:233
Stack trace:
#0 C:\xampp\htdocs\main-demo-master\vendor\yiisoft\yii2\base\Controller.php(401): yii\base\View->renderFile('C:\\xampp\\htdocs...', Array, Object(backend\controllers\SiteController))
#1 C:\xampp\htdocs\main-demo-master\vendor\yiisoft\yii2\base\Controller.php(387): yii\base\Controller->renderContent('<div class="sit...')
#2 C:\xampp\htdocs\main-demo-master\backend\controllers\SiteController.php(86): yii\base\Controller->render('login', Array)
#3 [internal function]: backend\controllers\SiteController->actionLogin()
#4 C:\xampp\htdocs\main-demo-master\vendor\yiisoft\yii2\base\InlineAction.php(57): call_user_func_array(Array, Array)
#5 C:\xampp\htdocs\main-demo-master\vendor\yiisoft\yii2\base\Controller.php(157): yii\base\InlineAction->runWithParams(Array)
#6 C:\xampp\htdocs\main-demo-master\vendor\yiisoft\yii2\base\Module.php(528): yii\base\Controller->runAction('login', Array)
#7 C:\xampp\htdocs\main-demo-master\vendor\yiisoft\yii2\web\Application.php(103): yii\base\Module->runAction('site/login', Array)
#8 C:\xampp\htdocs\main-demo-master\vendor\yiisoft\yii2\base\Application.php(386): yii\web\Application->handleRequest(Object(yii\web\Request))
#9 C:\xampp\htdocs\main-demo-master\backend\web\index.php(17): yii\base\Application->run()
#10 {main}
2019-12-01 21:24:39 [127.0.0.1][-][arg0013rg568galh6pjkqiae1i][info][application] $_GET = [
    'r' => 'site/login'
]

$_POST = []

$_FILES = []

$_COOKIE = [
    'PHPBACKSESSID' => 'ikreu1cml1ugmjfnq8gjr8psem'
    '_backendCSRF' => 'aeef9dcc82a5c5f524930f70dd65bf1a92ed547bea4e4a5b9d57d78806736043a:2:{i:0;s:12:\"_backendCSRF\";i:1;s:32:\"wimFQb2kFA1nsCeO6R_imG5M70SfHXew\";}'
    'PHPFRONTSESSID' => 'ec002psfsti2k901c9mjuvbj6l'
    '_frontendCSRF' => 'b58bfdef411e403813a72a16ee9bc946e646c8952aa6e13532dcd841b8ecdfb4a:2:{i:0;s:13:\"_frontendCSRF\";i:1;s:32:\"-Mio7qCIcLhSG1JFN0FY4Q7Rkaah-wIn\";}'
    'advanced-backend' => 'arg0013rg568galh6pjkqiae1i'
    '_csrf-backend' => '2e5fcf1fae9e272f278bec733ea6f53feb72831498a4b586956ea26d055288eda:2:{i:0;s:13:\"_csrf-backend\";i:1;s:32:\"HDQ7xTrDvhs1Svj6anEpITXpQ8CisDpC\";}'
    'advanced-frontend' => 'j7d3ei1a5qvqv05akjbteae8kc'
    '_csrf-frontend' => '6068b00cdf0fef9e6569b1ab992d817947e8b548bae601cc80d13a12a9f5e5c8a:2:{i:0;s:14:\"_csrf-frontend\";i:1;s:32:\"r6zDHipOAI97LO09Ojp9FvYF8UU7PYHe\";}'
]

$_SESSION = [
    '__flash' => []
    '__returnUrl' => 'http://localhost/main-demo-master/backend/web/index.php'
]

$_SERVER = [
    'MIBDIRS' => 'C:/xampp/php/extras/mibs'
    'MYSQL_HOME' => '\\xampp\\mysql\\bin'
    'OPENSSL_CONF' => 'C:/xampp/apache/bin/openssl.cnf'
    'PHP_PEAR_SYSCONF_DIR' => '\\xampp\\php'
    'PHPRC' => '\\xampp\\php'
    'TMP' => '\\xampp\\tmp'
    'HTTP_HOST' => 'localhost'
    'HTTP_USER_AGENT' => 'Mozilla/5.0 (Windows NT 10.0; Win64; x64; rv:70.0) Gecko/20100101 Firefox/70.0'
    'HTTP_ACCEPT' => 'text/html,application/xhtml+xml,application/xml;q=0.9,*/*;q=0.8'
    'HTTP_ACCEPT_LANGUAGE' => 'en-US,en;q=0.5'
    'HTTP_ACCEPT_ENCODING' => 'gzip, deflate'
    'HTTP_REFERER' => 'http://localhost/main-demo-master/backend/web/index.php'
    'HTTP_DNT' => '1'
    'HTTP_CONNECTION' => 'keep-alive'
    'HTTP_COOKIE' => 'PHPBACKSESSID=ikreu1cml1ugmjfnq8gjr8psem; _backendCSRF=aeef9dcc82a5c5f524930f70dd65bf1a92ed547bea4e4a5b9d57d78806736043a%3A2%3A%7Bi%3A0%3Bs%3A12%3A%22_backendCSRF%22%3Bi%3A1%3Bs%3A32%3A%22wimFQb2kFA1nsCeO6R_imG5M70SfHXew%22%3B%7D; PHPFRONTSESSID=ec002psfsti2k901c9mjuvbj6l; _frontendCSRF=b58bfdef411e403813a72a16ee9bc946e646c8952aa6e13532dcd841b8ecdfb4a%3A2%3A%7Bi%3A0%3Bs%3A13%3A%22_frontendCSRF%22%3Bi%3A1%3Bs%3A32%3A%22-Mio7qCIcLhSG1JFN0FY4Q7Rkaah-wIn%22%3B%7D; advanced-backend=arg0013rg568galh6pjkqiae1i; _csrf-backend=2e5fcf1fae9e272f278bec733ea6f53feb72831498a4b586956ea26d055288eda%3A2%3A%7Bi%3A0%3Bs%3A13%3A%22_csrf-backend%22%3Bi%3A1%3Bs%3A32%3A%22HDQ7xTrDvhs1Svj6anEpITXpQ8CisDpC%22%3B%7D; advanced-frontend=j7d3ei1a5qvqv05akjbteae8kc; _csrf-frontend=6068b00cdf0fef9e6569b1ab992d817947e8b548bae601cc80d13a12a9f5e5c8a%3A2%3A%7Bi%3A0%3Bs%3A14%3A%22_csrf-frontend%22%3Bi%3A1%3Bs%3A32%3A%22r6zDHipOAI97LO09Ojp9FvYF8UU7PYHe%22%3B%7D'
    'HTTP_UPGRADE_INSECURE_REQUESTS' => '1'
    'HTTP_CACHE_CONTROL' => 'max-age=0'
    'PATH' => 'C:\\Windows\\system32;C:\\Windows;C:\\Windows\\System32\\Wbem;C:\\Windows\\System32\\WindowsPowerShell\\v1.0\\;C:\\Windows\\System32\\OpenSSH\\;C:\\Program Files\\Git\\cmd;C:\\xampp\\php;C:\\composer;C:\\Users\\SHOHAN\\AppData\\Local\\Microsoft\\WindowsApps;;C:\\Program Files\\JetBrains\\PhpStorm 2019.2.5\\bin;;C:\\Users\\SHOHAN\\AppData\\Roaming\\Composer\\vendor\\bin'
    'SystemRoot' => 'C:\\Windows'
    'COMSPEC' => 'C:\\Windows\\system32\\cmd.exe'
    'PATHEXT' => '.COM;.EXE;.BAT;.CMD;.VBS;.VBE;.JS;.JSE;.WSF;.WSH;.MSC'
    'WINDIR' => 'C:\\Windows'
    'SERVER_SIGNATURE' => '<address>Apache/2.4.41 (Win64) OpenSSL/1.1.1c PHP/7.3.11 Server at localhost Port 80</address>
'
    'SERVER_SOFTWARE' => 'Apache/2.4.41 (Win64) OpenSSL/1.1.1c PHP/7.3.11'
    'SERVER_NAME' => 'localhost'
    'SERVER_ADDR' => '127.0.0.1'
    'SERVER_PORT' => '80'
    'REMOTE_ADDR' => '127.0.0.1'
    'DOCUMENT_ROOT' => 'C:/xampp/htdocs'
    'REQUEST_SCHEME' => 'http'
    'CONTEXT_PREFIX' => ''
    'CONTEXT_DOCUMENT_ROOT' => 'C:/xampp/htdocs'
    'SERVER_ADMIN' => 'postmaster@localhost'
    'SCRIPT_FILENAME' => 'C:/xampp/htdocs/main-demo-master/backend/web/index.php'
    'REMOTE_PORT' => '3385'
    'GATEWAY_INTERFACE' => 'CGI/1.1'
    'SERVER_PROTOCOL' => 'HTTP/1.1'
    'REQUEST_METHOD' => 'GET'
    'QUERY_STRING' => 'r=site%2Flogin'
    'REQUEST_URI' => '/main-demo-master/backend/web/index.php?r=site%2Flogin'
    'SCRIPT_NAME' => '/main-demo-master/backend/web/index.php'
    'PHP_SELF' => '/main-demo-master/backend/web/index.php'
    'REQUEST_TIME_FLOAT' => 1575231879.703
    'REQUEST_TIME' => 1575231879
]
2019-12-01 21:24:43 [127.0.0.1][-][arg0013rg568galh6pjkqiae1i][error][yii\base\ViewNotFoundException] yii\base\ViewNotFoundException: The view file does not exist: C:\xampp\htdocs\main-demo-master\backend\views\layouts\loginlayout.php in C:\xampp\htdocs\main-demo-master\vendor\yiisoft\yii2\base\View.php:233
Stack trace:
#0 C:\xampp\htdocs\main-demo-master\vendor\yiisoft\yii2\base\Controller.php(401): yii\base\View->renderFile('C:\\xampp\\htdocs...', Array, Object(backend\controllers\SiteController))
#1 C:\xampp\htdocs\main-demo-master\vendor\yiisoft\yii2\base\Controller.php(387): yii\base\Controller->renderContent('<div class="sit...')
#2 C:\xampp\htdocs\main-demo-master\backend\controllers\SiteController.php(86): yii\base\Controller->render('login', Array)
#3 [internal function]: backend\controllers\SiteController->actionLogin()
#4 C:\xampp\htdocs\main-demo-master\vendor\yiisoft\yii2\base\InlineAction.php(57): call_user_func_array(Array, Array)
#5 C:\xampp\htdocs\main-demo-master\vendor\yiisoft\yii2\base\Controller.php(157): yii\base\InlineAction->runWithParams(Array)
#6 C:\xampp\htdocs\main-demo-master\vendor\yiisoft\yii2\base\Module.php(528): yii\base\Controller->runAction('login', Array)
#7 C:\xampp\htdocs\main-demo-master\vendor\yiisoft\yii2\web\Application.php(103): yii\base\Module->runAction('site/login', Array)
#8 C:\xampp\htdocs\main-demo-master\vendor\yiisoft\yii2\base\Application.php(386): yii\web\Application->handleRequest(Object(yii\web\Request))
#9 C:\xampp\htdocs\main-demo-master\backend\web\index.php(17): yii\base\Application->run()
#10 {main}
2019-12-01 21:24:43 [127.0.0.1][-][arg0013rg568galh6pjkqiae1i][info][application] $_GET = [
    'r' => 'site/login'
]

$_POST = []

$_FILES = []

$_COOKIE = [
    'PHPBACKSESSID' => 'ikreu1cml1ugmjfnq8gjr8psem'
    '_backendCSRF' => 'aeef9dcc82a5c5f524930f70dd65bf1a92ed547bea4e4a5b9d57d78806736043a:2:{i:0;s:12:\"_backendCSRF\";i:1;s:32:\"wimFQb2kFA1nsCeO6R_imG5M70SfHXew\";}'
    'PHPFRONTSESSID' => 'ec002psfsti2k901c9mjuvbj6l'
    '_frontendCSRF' => 'b58bfdef411e403813a72a16ee9bc946e646c8952aa6e13532dcd841b8ecdfb4a:2:{i:0;s:13:\"_frontendCSRF\";i:1;s:32:\"-Mio7qCIcLhSG1JFN0FY4Q7Rkaah-wIn\";}'
    'advanced-backend' => 'arg0013rg568galh6pjkqiae1i'
    '_csrf-backend' => '2e5fcf1fae9e272f278bec733ea6f53feb72831498a4b586956ea26d055288eda:2:{i:0;s:13:\"_csrf-backend\";i:1;s:32:\"HDQ7xTrDvhs1Svj6anEpITXpQ8CisDpC\";}'
    'advanced-frontend' => 'j7d3ei1a5qvqv05akjbteae8kc'
    '_csrf-frontend' => '6068b00cdf0fef9e6569b1ab992d817947e8b548bae601cc80d13a12a9f5e5c8a:2:{i:0;s:14:\"_csrf-frontend\";i:1;s:32:\"r6zDHipOAI97LO09Ojp9FvYF8UU7PYHe\";}'
]

$_SESSION = [
    '__flash' => []
    '__returnUrl' => 'http://localhost/main-demo-master/backend/web/index.php'
]

$_SERVER = [
    'MIBDIRS' => 'C:/xampp/php/extras/mibs'
    'MYSQL_HOME' => '\\xampp\\mysql\\bin'
    'OPENSSL_CONF' => 'C:/xampp/apache/bin/openssl.cnf'
    'PHP_PEAR_SYSCONF_DIR' => '\\xampp\\php'
    'PHPRC' => '\\xampp\\php'
    'TMP' => '\\xampp\\tmp'
    'HTTP_HOST' => 'localhost'
    'HTTP_USER_AGENT' => 'Mozilla/5.0 (Windows NT 10.0; Win64; x64; rv:70.0) Gecko/20100101 Firefox/70.0'
    'HTTP_ACCEPT' => 'text/html,application/xhtml+xml,application/xml;q=0.9,*/*;q=0.8'
    'HTTP_ACCEPT_LANGUAGE' => 'en-US,en;q=0.5'
    'HTTP_ACCEPT_ENCODING' => 'gzip, deflate'
    'HTTP_REFERER' => 'http://localhost/main-demo-master/backend/web/index.php'
    'HTTP_DNT' => '1'
    'HTTP_CONNECTION' => 'keep-alive'
    'HTTP_COOKIE' => 'PHPBACKSESSID=ikreu1cml1ugmjfnq8gjr8psem; _backendCSRF=aeef9dcc82a5c5f524930f70dd65bf1a92ed547bea4e4a5b9d57d78806736043a%3A2%3A%7Bi%3A0%3Bs%3A12%3A%22_backendCSRF%22%3Bi%3A1%3Bs%3A32%3A%22wimFQb2kFA1nsCeO6R_imG5M70SfHXew%22%3B%7D; PHPFRONTSESSID=ec002psfsti2k901c9mjuvbj6l; _frontendCSRF=b58bfdef411e403813a72a16ee9bc946e646c8952aa6e13532dcd841b8ecdfb4a%3A2%3A%7Bi%3A0%3Bs%3A13%3A%22_frontendCSRF%22%3Bi%3A1%3Bs%3A32%3A%22-Mio7qCIcLhSG1JFN0FY4Q7Rkaah-wIn%22%3B%7D; advanced-backend=arg0013rg568galh6pjkqiae1i; _csrf-backend=2e5fcf1fae9e272f278bec733ea6f53feb72831498a4b586956ea26d055288eda%3A2%3A%7Bi%3A0%3Bs%3A13%3A%22_csrf-backend%22%3Bi%3A1%3Bs%3A32%3A%22HDQ7xTrDvhs1Svj6anEpITXpQ8CisDpC%22%3B%7D; advanced-frontend=j7d3ei1a5qvqv05akjbteae8kc; _csrf-frontend=6068b00cdf0fef9e6569b1ab992d817947e8b548bae601cc80d13a12a9f5e5c8a%3A2%3A%7Bi%3A0%3Bs%3A14%3A%22_csrf-frontend%22%3Bi%3A1%3Bs%3A32%3A%22r6zDHipOAI97LO09Ojp9FvYF8UU7PYHe%22%3B%7D'
    'HTTP_UPGRADE_INSECURE_REQUESTS' => '1'
    'HTTP_CACHE_CONTROL' => 'max-age=0'
    'PATH' => 'C:\\Windows\\system32;C:\\Windows;C:\\Windows\\System32\\Wbem;C:\\Windows\\System32\\WindowsPowerShell\\v1.0\\;C:\\Windows\\System32\\OpenSSH\\;C:\\Program Files\\Git\\cmd;C:\\xampp\\php;C:\\composer;C:\\Users\\SHOHAN\\AppData\\Local\\Microsoft\\WindowsApps;;C:\\Program Files\\JetBrains\\PhpStorm 2019.2.5\\bin;;C:\\Users\\SHOHAN\\AppData\\Roaming\\Composer\\vendor\\bin'
    'SystemRoot' => 'C:\\Windows'
    'COMSPEC' => 'C:\\Windows\\system32\\cmd.exe'
    'PATHEXT' => '.COM;.EXE;.BAT;.CMD;.VBS;.VBE;.JS;.JSE;.WSF;.WSH;.MSC'
    'WINDIR' => 'C:\\Windows'
    'SERVER_SIGNATURE' => '<address>Apache/2.4.41 (Win64) OpenSSL/1.1.1c PHP/7.3.11 Server at localhost Port 80</address>
'
    'SERVER_SOFTWARE' => 'Apache/2.4.41 (Win64) OpenSSL/1.1.1c PHP/7.3.11'
    'SERVER_NAME' => 'localhost'
    'SERVER_ADDR' => '127.0.0.1'
    'SERVER_PORT' => '80'
    'REMOTE_ADDR' => '127.0.0.1'
    'DOCUMENT_ROOT' => 'C:/xampp/htdocs'
    'REQUEST_SCHEME' => 'http'
    'CONTEXT_PREFIX' => ''
    'CONTEXT_DOCUMENT_ROOT' => 'C:/xampp/htdocs'
    'SERVER_ADMIN' => 'postmaster@localhost'
    'SCRIPT_FILENAME' => 'C:/xampp/htdocs/main-demo-master/backend/web/index.php'
    'REMOTE_PORT' => '3390'
    'GATEWAY_INTERFACE' => 'CGI/1.1'
    'SERVER_PROTOCOL' => 'HTTP/1.1'
    'REQUEST_METHOD' => 'GET'
    'QUERY_STRING' => 'r=site%2Flogin'
    'REQUEST_URI' => '/main-demo-master/backend/web/index.php?r=site%2Flogin'
    'SCRIPT_NAME' => '/main-demo-master/backend/web/index.php'
    'PHP_SELF' => '/main-demo-master/backend/web/index.php'
    'REQUEST_TIME_FLOAT' => 1575231883.751
    'REQUEST_TIME' => 1575231883
]
